<?xml version="1.0" encoding="UTF-8"?>
<!-- Generated by org.testng.reporters.JUnitXMLReporter -->
<testsuite hostname="LAPTOP-M2L1HDS6" ignored="0" name="Test" tests="6" failures="0" timestamp="2022-01-18T23:25:45 IST" time="0.091" errors="0">
  <testcase name="browserAutomation" time="0.007" classname="Qaclickacademyshetty.mavenjava.SeleniumTest"/>
  <testcase name="elementUi" time="0.001" classname="Qaclickacademyshetty.mavenjava.SeleniumTest"/>
  <testcase name="deleteTwitter" time="0.001" classname="Qaclickacademyshetty.mavenjava.RestAPITest"/>
  <testcase name="postJira" time="0.001" classname="Qaclickacademyshetty.mavenjava.RestAPITest"/>
  <testcase name="appiumTest" time="0.0" classname="Qaclickacademyshetty.mavenjava.AppiumTest"/>
  <testcase name="iosApp" time="0.001" classname="Qaclickacademyshetty.mavenjava.AppiumTest"/>
</testsuite> <!-- Test -->
