<?xml version="1.0" encoding="UTF-8"?>
<testng-results ignored="0" total="1" passed="1" failed="0" skipped="0">
  <reporter-output>
  </reporter-output>
  <suite started-at="2022-01-18T20:28:52 IST" name="Default suite" finished-at="2022-01-18T20:28:52 IST" duration-ms="219">
    <groups>
    </groups>
    <test started-at="2022-01-18T20:28:52 IST" name="Default test" finished-at="2022-01-18T20:28:52 IST" duration-ms="219">
      <class name="Qaclickacademyshetty.mavenjava.SeleniumTest">
        <test-method signature="browserAutomation()[pri:0, instance:Qaclickacademyshetty.mavenjava.SeleniumTest@66f57048]" started-at="2022-01-18T20:28:52 IST" name="browserAutomation" finished-at="2022-01-18T20:28:52 IST" duration-ms="120" status="PASS">
          <reporter-output>
          </reporter-output>
        </test-method> <!-- browserAutomation -->
      </class> <!-- Qaclickacademyshetty.mavenjava.SeleniumTest -->
    </test> <!-- Default test -->
  </suite> <!-- Default suite -->
</testng-results>
